Using pre-set license
Built from '2020.3/staging' branch; Version is '2020.3.18f1 (a7d1c678663c) revision 10998214'; Using compiler version '192528614'; Build Type 'Release'
OS: 'Windows 10 Home Single Language; OS build 19042.1237; Version 2009; 64bit' Language: 'en' Physical Memory: 16221 MB
BatchMode: 1, IsHumanControllingUs: 0, StartBugReporterOnCrash: 0, Is64bit: 1, IsPro: 0

COMMAND LINE ARGUMENTS:
D:\unity\2020.3.18f1\Editor\Unity.exe
-adb2
-batchMode
-noUpm
-name
AssetImportWorker0
-projectPath
C:/Users/tidte/Desktop/unity project/185-6 jaruwit fps game
-logFile
Logs/AssetImportWorker0.log
-srvPort
63354
Successfully changed project path to: C:/Users/tidte/Desktop/unity project/185-6 jaruwit fps game
C:/Users/tidte/Desktop/unity project/185-6 jaruwit fps game
Using Asset Import Pipeline V2.
Refreshing native plugins compatible for Editor in 73.24 ms, found 2 plugins.
Preloading 0 native plugins for Editor in 0.00 ms.
Initialize engine version: 2020.3.18f1 (a7d1c678663c)
[Subsystems] Discovering subsystems at path D:/unity/2020.3.18f1/Editor/Data/Resources/UnitySubsystems
[Subsystems] Discovering subsystems at path C:/Users/tidte/Desktop/unity project/185-6 jaruwit fps game/Assets
GfxDevice: creating device client; threaded=0
Direct3D:
    Version:  Direct3D 11.0 [level 11.1]
    Renderer: NVIDIA GeForce GTX 1660 Ti (ID=0x2191)
    Vendor:   
    VRAM:     5991 MB
    Driver:   30.0.14.7196
Initialize mono
Mono path[0] = 'D:/unity/2020.3.18f1/Editor/Data/Managed'
Mono path[1] = 'D:/unity/2020.3.18f1/Editor/Data/MonoBleedingEdge/lib/mono/unityjit'
Mono config path = 'D:/unity/2020.3.18f1/Editor/Data/MonoBleedingEdge/etc'
Using monoOptions --debugger-agent=transport=dt_socket,embedding=1,server=y,suspend=n,address=127.0.0.1:56508
Begin MonoManager ReloadAssembly
Registering precompiled unity dll's ...
Register platform support module: D:/unity/2020.3.18f1/Editor/Data/PlaybackEngines/WebGLSupport/UnityEditor.WebGL.Extensions.dll
Register platform support module: D:/unity/2020.3.18f1/Editor/Data/PlaybackEngines/WindowsStandaloneSupport/UnityEditor.WindowsStandalone.Extensions.dll
Registered in 0.002314 seconds.
Native extension for WindowsStandalone target not found
Native extension for WebGL target not found
Refreshing native plugins compatible for Editor in 59.29 ms, found 2 plugins.
Preloading 0 native plugins for Editor in 0.00 ms.
Mono: successfully reloaded assembly
- Completed reload, in  1.316 seconds
Domain Reload Profiling:
	ReloadAssembly (1317ms)
		BeginReloadAssembly (70ms)
			ExecutionOrderSort (0ms)
			DisableScriptedObjects (0ms)
			BackupInstance (0ms)
			ReleaseScriptingObjects (0ms)
			CreateAndSetChildDomain (1ms)
		EndReloadAssembly (543ms)
			LoadAssemblies (69ms)
			RebuildTransferFunctionScriptingTraits (0ms)
			SetupTypeCache (183ms)
			ReleaseScriptCaches (0ms)
			RebuildScriptCaches (51ms)
			SetupLoadedEditorAssemblies (210ms)
				LogAssemblyErrors (0ms)
				InitializePlatformSupportModulesInManaged (5ms)
				SetLoadedEditorAssemblies (0ms)
				RefreshPlugins (60ms)
				BeforeProcessingInitializeOnLoad (11ms)
				ProcessInitializeOnLoadAttributes (90ms)
				ProcessInitializeOnLoadMethodAttributes (43ms)
				AfterProcessingInitializeOnLoad (0ms)
				EditorAssembliesLoaded (0ms)
			ExecutionOrderSort2 (0ms)
			AwakeInstancesAfterBackupRestoration (0ms)
Platform modules already initialized, skipping
Registering precompiled user dll's ...
Registered in 0.008105 seconds.
Begin MonoManager ReloadAssembly
Native extension for WindowsStandalone target not found
Native extension for WebGL target not found
Refreshing native plugins compatible for Editor in 0.61 ms, found 2 plugins.
Preloading 0 native plugins for Editor in 0.00 ms.
Mono: successfully reloaded assembly
- Completed reload, in  1.252 seconds
Domain Reload Profiling:
	ReloadAssembly (1254ms)
		BeginReloadAssembly (191ms)
			ExecutionOrderSort (0ms)
			DisableScriptedObjects (5ms)
			BackupInstance (0ms)
			ReleaseScriptingObjects (0ms)
			CreateAndSetChildDomain (26ms)
		EndReloadAssembly (988ms)
			LoadAssemblies (122ms)
			RebuildTransferFunctionScriptingTraits (0ms)
			SetupTypeCache (354ms)
			ReleaseScriptCaches (0ms)
			RebuildScriptCaches (54ms)
			SetupLoadedEditorAssemblies (356ms)
				LogAssemblyErrors (0ms)
				InitializePlatformSupportModulesInManaged (8ms)
				SetLoadedEditorAssemblies (1ms)
				RefreshPlugins (1ms)
				BeforeProcessingInitializeOnLoad (77ms)
				ProcessInitializeOnLoadAttributes (254ms)
				ProcessInitializeOnLoadMethodAttributes (13ms)
				AfterProcessingInitializeOnLoad (3ms)
				EditorAssembliesLoaded (0ms)
			ExecutionOrderSort2 (0ms)
			AwakeInstancesAfterBackupRestoration (8ms)
Platform modules already initialized, skipping
========================================================================
Worker process is ready to serve import requests
Launched and connected shader compiler UnityShaderCompiler.exe after 0.24 seconds
Refreshing native plugins compatible for Editor in 0.59 ms, found 2 plugins.
Preloading 0 native plugins for Editor in 0.00 ms.
Unloading 1872 Unused Serialized files (Serialized files now loaded: 0)
System memory in use before: 160.0 MB.
System memory in use after: 160.1 MB.

Unloading 40 unused Assets to reduce memory usage. Loaded Objects now: 2302.
Total: 4.099500 ms (FindLiveObjects: 0.233500 ms CreateObjectMapping: 0.092000 ms MarkObjects: 3.661500 ms  DeleteObjects: 0.111200 ms)

AssetImportParameters requested are different than current active one (requested -> active):
  custom:framework-win-MediaFoundation: 216162199b28c13a410421893ffa2e32 -> 
  custom:video-decoder-ogg-theora: a1e56fd34408186e4bbccfd4996cb3dc -> 
  custom:container-muxer-webm: aa71ff27fc2769a1b78a27578f13a17b -> 
  custom:container-demuxer-webm: 4f35f7cbe854078d1ac9338744f61a02 -> 
  custom:container-demuxer-ogg: 62fdf1f143b41e24485cea50d1cbac27 -> 
  custom:video-encoder-webm-vp8: eb34c28f22e8b96e1ab97ce403110664 -> 
  custom:video-decoder-webm-vp8: 9c59270c3fd7afecdb556c50c9e8de78 -> 
  custom:audio-decoder-ogg-vorbis: bf7c407c2cedff20999df2af8eb42d56 -> 
  custom:audio-encoder-webm-vorbis: bf7c407c2cedff20999df2af8eb42d56 -> 
========================================================================
Received Import Request.
  path: Assets/Creator Kit - FPS/Art/Models/Characters/GermSlime.FBX
  artifactKey: Guid(a148bf2bf5d309646bda1b56264c815e) Importer(815301076,1909f56bfc062723c751e8b465ee728b)
Start importing Assets/Creator Kit - FPS/Art/Models/Characters/GermSlime.FBX using Guid(a148bf2bf5d309646bda1b56264c815e) Importer(815301076,1909f56bfc062723c751e8b465ee728b)  -> (artifact id: '63b5dc5bac25f38327f7d563fea9ac01') in 0.882077 seconds 
  Import took 0.890561 seconds .

========================================================================
Received Import Request.
  Time since last request: 0.000620 seconds.
  path: Assets/Creator Kit - FPS/Art/Models/Characters/GermSpike.prefab
  artifactKey: Guid(dddeda6d0629a09438dbf97ce84d81fd) Importer(815301076,1909f56bfc062723c751e8b465ee728b)
Start importing Assets/Creator Kit - FPS/Art/Models/Characters/GermSpike.prefab using Guid(dddeda6d0629a09438dbf97ce84d81fd) Importer(815301076,1909f56bfc062723c751e8b465ee728b)  -> (artifact id: 'f92db3c44688895e25e9edbbcae0ef27') in 0.068039 seconds 
  Import took 0.074351 seconds .

========================================================================
Received Import Request.
  Time since last request: 0.000592 seconds.
  path: Assets/Creator Kit - FPS/Art/Models/Characters/BloodCell.FBX
  artifactKey: Guid(8226672356b74174cbe023b9736222f5) Importer(815301076,1909f56bfc062723c751e8b465ee728b)
Start importing Assets/Creator Kit - FPS/Art/Models/Characters/BloodCell.FBX using Guid(8226672356b74174cbe023b9736222f5) Importer(815301076,1909f56bfc062723c751e8b465ee728b)  -> (artifact id: '0bd1aaebe8f3d966e855dc697ea09d60') in 0.037597 seconds 
  Import took 0.043805 seconds .

========================================================================
Received Import Request.
  Time since last request: 0.000607 seconds.
  path: Assets/Creator Kit - FPS/Art/Models/Characters/GermSpikeModel.FBX
  artifactKey: Guid(6fd3b5c2df6073f4ea432cc9086b6f00) Importer(815301076,1909f56bfc062723c751e8b465ee728b)
Start importing Assets/Creator Kit - FPS/Art/Models/Characters/GermSpikeModel.FBX using Guid(6fd3b5c2df6073f4ea432cc9086b6f00) Importer(815301076,1909f56bfc062723c751e8b465ee728b)  -> (artifact id: '9b48ee3e313103fcddbb053eb4adf360') in 0.033448 seconds 
  Import took 0.041251 seconds .

========================================================================
Received Import Request.
  Time since last request: 0.000733 seconds.
  path: Assets/Creator Kit - FPS/Art/Models/Characters/BloodCell.FBX
  artifactKey: Guid(8226672356b74174cbe023b9736222f5) Importer(815301076,1909f56bfc062723c751e8b465ee728b)
Start importing Assets/Creator Kit - FPS/Art/Models/Characters/BloodCell.FBX using Guid(8226672356b74174cbe023b9736222f5) Importer(815301076,1909f56bfc062723c751e8b465ee728b)  -> (artifact id: '0bd1aaebe8f3d966e855dc697ea09d60') in 0.029493 seconds 
  Import took 0.035399 seconds .

========================================================================
Received Import Request.
  Time since last request: 0.000713 seconds.
  path: Assets/Creator Kit - FPS/Art/Models/Characters/GermSpikeModel.FBX
  artifactKey: Guid(6fd3b5c2df6073f4ea432cc9086b6f00) Importer(815301076,1909f56bfc062723c751e8b465ee728b)
Start importing Assets/Creator Kit - FPS/Art/Models/Characters/GermSpikeModel.FBX using Guid(6fd3b5c2df6073f4ea432cc9086b6f00) Importer(815301076,1909f56bfc062723c751e8b465ee728b)  -> (artifact id: '9b48ee3e313103fcddbb053eb4adf360') in 0.054975 seconds 
  Import took 0.061460 seconds .

========================================================================
Received Prepare
Registering precompiled user dll's ...
Registered in 0.009985 seconds.
Begin MonoManager ReloadAssembly
Native extension for WindowsStandalone target not found
Native extension for WebGL target not found
Refreshing native plugins compatible for Editor in 0.63 ms, found 2 plugins.
Preloading 0 native plugins for Editor in 0.00 ms.
Mono: successfully reloaded assembly
- Completed reload, in  1.510 seconds
Domain Reload Profiling:
	ReloadAssembly (1511ms)
		BeginReloadAssembly (176ms)
			ExecutionOrderSort (0ms)
			DisableScriptedObjects (9ms)
			BackupInstance (0ms)
			ReleaseScriptingObjects (0ms)
			CreateAndSetChildDomain (51ms)
		EndReloadAssembly (1243ms)
			LoadAssemblies (175ms)
			RebuildTransferFunctionScriptingTraits (0ms)
			SetupTypeCache (459ms)
			ReleaseScriptCaches (1ms)
			RebuildScriptCaches (70ms)
			SetupLoadedEditorAssemblies (388ms)
				LogAssemblyErrors (0ms)
				InitializePlatformSupportModulesInManaged (8ms)
				SetLoadedEditorAssemblies (1ms)
				RefreshPlugins (1ms)
				BeforeProcessingInitializeOnLoad (74ms)
				ProcessInitializeOnLoadAttributes (289ms)
				ProcessInitializeOnLoadMethodAttributes (9ms)
				AfterProcessingInitializeOnLoad (6ms)
				EditorAssembliesLoaded (0ms)
			ExecutionOrderSort2 (0ms)
			AwakeInstancesAfterBackupRestoration (9ms)
Platform modules already initialized, skipping
Refreshing native plugins compatible for Editor in 0.81 ms, found 2 plugins.
Preloading 0 native plugins for Editor in 0.00 ms.
Unloading 1830 Unused Serialized files (Serialized files now loaded: 0)
System memory in use before: 173.2 MB.
System memory in use after: 173.3 MB.

Unloading 31 unused Assets to reduce memory usage. Loaded Objects now: 2315.
Total: 4.243200 ms (FindLiveObjects: 0.276600 ms CreateObjectMapping: 0.184300 ms MarkObjects: 3.751700 ms  DeleteObjects: 0.029100 ms)

AssetImportParameters requested are different than current active one (requested -> active):
  custom:framework-win-MediaFoundation: 216162199b28c13a410421893ffa2e32 -> 
  custom:video-decoder-ogg-theora: a1e56fd34408186e4bbccfd4996cb3dc -> 
  custom:container-muxer-webm: aa71ff27fc2769a1b78a27578f13a17b -> 
  custom:container-demuxer-webm: 4f35f7cbe854078d1ac9338744f61a02 -> 
  custom:container-demuxer-ogg: 62fdf1f143b41e24485cea50d1cbac27 -> 
  custom:video-encoder-webm-vp8: eb34c28f22e8b96e1ab97ce403110664 -> 
  custom:video-decoder-webm-vp8: 9c59270c3fd7afecdb556c50c9e8de78 -> 
  custom:audio-decoder-ogg-vorbis: bf7c407c2cedff20999df2af8eb42d56 -> 
  custom:audio-encoder-webm-vorbis: bf7c407c2cedff20999df2af8eb42d56 -> 
========================================================================
Received Prepare
Registering precompiled user dll's ...
Registered in 0.007995 seconds.
Begin MonoManager ReloadAssembly
Native extension for WindowsStandalone target not found
Native extension for WebGL target not found
Refreshing native plugins compatible for Editor in 1.42 ms, found 2 plugins.
Preloading 0 native plugins for Editor in 0.00 ms.
Mono: successfully reloaded assembly
- Completed reload, in  1.417 seconds
Domain Reload Profiling:
	ReloadAssembly (1418ms)
		BeginReloadAssembly (151ms)
			ExecutionOrderSort (0ms)
			DisableScriptedObjects (7ms)
			BackupInstance (0ms)
			ReleaseScriptingObjects (0ms)
			CreateAndSetChildDomain (41ms)
		EndReloadAssembly (1196ms)
			LoadAssemblies (124ms)
			RebuildTransferFunctionScriptingTraits (0ms)
			SetupTypeCache (405ms)
			ReleaseScriptCaches (1ms)
			RebuildScriptCaches (59ms)
			SetupLoadedEditorAssemblies (409ms)
				LogAssemblyErrors (0ms)
				InitializePlatformSupportModulesInManaged (11ms)
				SetLoadedEditorAssemblies (1ms)
				RefreshPlugins (2ms)
				BeforeProcessingInitializeOnLoad (105ms)
				ProcessInitializeOnLoadAttributes (276ms)
				ProcessInitializeOnLoadMethodAttributes (10ms)
				AfterProcessingInitializeOnLoad (3ms)
				EditorAssembliesLoaded (0ms)
			ExecutionOrderSort2 (0ms)
			AwakeInstancesAfterBackupRestoration (8ms)
Platform modules already initialized, skipping
Refreshing native plugins compatible for Editor in 1.17 ms, found 2 plugins.
Preloading 0 native plugins for Editor in 0.00 ms.
Unloading 1830 Unused Serialized files (Serialized files now loaded: 0)
System memory in use before: 173.2 MB.
System memory in use after: 173.3 MB.

Unloading 31 unused Assets to reduce memory usage. Loaded Objects now: 2317.
Total: 3.587900 ms (FindLiveObjects: 0.239000 ms CreateObjectMapping: 0.122200 ms MarkObjects: 3.195200 ms  DeleteObjects: 0.030100 ms)

AssetImportParameters requested are different than current active one (requested -> active):
  custom:framework-win-MediaFoundation: 216162199b28c13a410421893ffa2e32 -> 
  custom:video-decoder-ogg-theora: a1e56fd34408186e4bbccfd4996cb3dc -> 
  custom:container-muxer-webm: aa71ff27fc2769a1b78a27578f13a17b -> 
  custom:container-demuxer-webm: 4f35f7cbe854078d1ac9338744f61a02 -> 
  custom:container-demuxer-ogg: 62fdf1f143b41e24485cea50d1cbac27 -> 
  custom:video-encoder-webm-vp8: eb34c28f22e8b96e1ab97ce403110664 -> 
  custom:video-decoder-webm-vp8: 9c59270c3fd7afecdb556c50c9e8de78 -> 
  custom:audio-decoder-ogg-vorbis: bf7c407c2cedff20999df2af8eb42d56 -> 
  custom:audio-encoder-webm-vorbis: bf7c407c2cedff20999df2af8eb42d56 -> 
========================================================================
Received Import Request.
  Time since last request: 1152.291587 seconds.
  path: Assets/Creator Kit - FPS/Audio/BGM/BMG_FPS.ogg
  artifactKey: Guid(a5d02aa7f856a4048aad35bec103c165) Importer(815301076,1909f56bfc062723c751e8b465ee728b)
Start importing Assets/Creator Kit - FPS/Audio/BGM/BMG_FPS.ogg using Guid(a5d02aa7f856a4048aad35bec103c165) Importer(815301076,1909f56bfc062723c751e8b465ee728b)  -> (artifact id: '89a93e85ca813f59674148f0f6bfa4b6') in 0.166348 seconds 
  Import took 0.176601 seconds .

========================================================================
Received Import Request.
  Time since last request: 0.000684 seconds.
  path: Assets/Creator Kit - FPS/Audio/SFX/SFX_Acid.ogg
  artifactKey: Guid(d7bd7483af4efea42ad1745dc7329b00) Importer(815301076,1909f56bfc062723c751e8b465ee728b)
Start importing Assets/Creator Kit - FPS/Audio/SFX/SFX_Acid.ogg using Guid(d7bd7483af4efea42ad1745dc7329b00) Importer(815301076,1909f56bfc062723c751e8b465ee728b)  -> (artifact id: '0e9da9461c7332d9f00d83f587572332') in 0.014662 seconds 
  Import took 0.021836 seconds .

========================================================================
Received Import Request.
  Time since last request: 0.000682 seconds.
  path: Assets/Creator Kit - FPS/Audio/SFX/SFX_EnemyHit03.ogg
  artifactKey: Guid(c71e8a7fdb3821a40ae48dc78f8402ff) Importer(815301076,1909f56bfc062723c751e8b465ee728b)
Start importing Assets/Creator Kit - FPS/Audio/SFX/SFX_EnemyHit03.ogg using Guid(c71e8a7fdb3821a40ae48dc78f8402ff) Importer(815301076,1909f56bfc062723c751e8b465ee728b)  -> (artifact id: '45187571e26f000493d91faae038d44d') in 0.014689 seconds 
  Import took 0.021494 seconds .

========================================================================
Received Import Request.
  Time since last request: 0.000703 seconds.
  path: Assets/Creator Kit - FPS/Audio/BGM/BMG_FPS.ogg
  artifactKey: Guid(a5d02aa7f856a4048aad35bec103c165) Importer(815301076,1909f56bfc062723c751e8b465ee728b)
Start importing Assets/Creator Kit - FPS/Audio/BGM/BMG_FPS.ogg using Guid(a5d02aa7f856a4048aad35bec103c165) Importer(815301076,1909f56bfc062723c751e8b465ee728b)  -> (artifact id: '89a93e85ca813f59674148f0f6bfa4b6') in 0.013825 seconds 
  Import took 0.019534 seconds .

========================================================================
Received Import Request.
  Time since last request: 0.000715 seconds.
  path: Assets/Creator Kit - FPS/Audio/SFX/SFX_EnemyHit02.ogg
  artifactKey: Guid(d1cba0b0d650a254fbb2096940806370) Importer(815301076,1909f56bfc062723c751e8b465ee728b)
Start importing Assets/Creator Kit - FPS/Audio/SFX/SFX_EnemyHit02.ogg using Guid(d1cba0b0d650a254fbb2096940806370) Importer(815301076,1909f56bfc062723c751e8b465ee728b)  -> (artifact id: '4f6b26af35f1d86fc8b36a8be08e25e7') in 0.014197 seconds 
  Import took 0.020238 seconds .

========================================================================
Received Import Request.
  Time since last request: 0.000758 seconds.
  path: Assets/Creator Kit - FPS/Audio/SFX/SFX_EnemyHit01.ogg
  artifactKey: Guid(44893a68cd8f54e47b539f656aa69a1c) Importer(815301076,1909f56bfc062723c751e8b465ee728b)
Start importing Assets/Creator Kit - FPS/Audio/SFX/SFX_EnemyHit01.ogg using Guid(44893a68cd8f54e47b539f656aa69a1c) Importer(815301076,1909f56bfc062723c751e8b465ee728b)  -> (artifact id: 'e5895788cb6ae0fb595702fc196b4f58') in 0.015126 seconds 
  Import took 0.021601 seconds .

========================================================================
Received Import Request.
  Time since last request: 0.000678 seconds.
  path: Assets/Creator Kit - FPS/Audio/BGM/BMG_LevelComplete.ogg
  artifactKey: Guid(7090bedbe4e6dce46b5b02436f2d0e4a) Importer(815301076,1909f56bfc062723c751e8b465ee728b)
Start importing Assets/Creator Kit - FPS/Audio/BGM/BMG_LevelComplete.ogg using Guid(7090bedbe4e6dce46b5b02436f2d0e4a) Importer(815301076,1909f56bfc062723c751e8b465ee728b)  -> (artifact id: '46b188776db71c0437a1e5fbb567ac95') in 0.015810 seconds 
  Import took 0.040831 seconds .

========================================================================
Received Import Request.
  Time since last request: 0.000696 seconds.
  path: Assets/Creator Kit - FPS/Audio/SFX/SFX_Brain.ogg
  artifactKey: Guid(5b5f425d14fe21a42b287321bd45aebb) Importer(815301076,1909f56bfc062723c751e8b465ee728b)
Start importing Assets/Creator Kit - FPS/Audio/SFX/SFX_Brain.ogg using Guid(5b5f425d14fe21a42b287321bd45aebb) Importer(815301076,1909f56bfc062723c751e8b465ee728b)  -> (artifact id: '5426aa4621cfb659477c0e098cdd9a3d') in 0.015226 seconds 
  Import took 0.022223 seconds .

========================================================================
Received Import Request.
  Time since last request: 0.000593 seconds.
  path: Assets/Creator Kit - FPS/Audio/SFX/SFX_BulletImpactWall.ogg
  artifactKey: Guid(e45c5ebf56f4f0f4dae5e6b43e1095b1) Importer(815301076,1909f56bfc062723c751e8b465ee728b)
Start importing Assets/Creator Kit - FPS/Audio/SFX/SFX_BulletImpactWall.ogg using Guid(e45c5ebf56f4f0f4dae5e6b43e1095b1) Importer(815301076,1909f56bfc062723c751e8b465ee728b)  -> (artifact id: '22ca1d0a7b7aa1853464f54a6dd130a6') in 0.016267 seconds 
  Import took 0.023395 seconds .

========================================================================
Received Prepare
Registering precompiled user dll's ...
Registered in 0.007995 seconds.
Begin MonoManager ReloadAssembly
Native extension for WindowsStandalone target not found
Native extension for WebGL target not found
Refreshing native plugins compatible for Editor in 0.69 ms, found 2 plugins.
Preloading 0 native plugins for Editor in 0.00 ms.
Mono: successfully reloaded assembly
- Completed reload, in  1.657 seconds
Domain Reload Profiling:
	ReloadAssembly (1658ms)
		BeginReloadAssembly (188ms)
			ExecutionOrderSort (0ms)
			DisableScriptedObjects (9ms)
			BackupInstance (0ms)
			ReleaseScriptingObjects (0ms)
			CreateAndSetChildDomain (57ms)
		EndReloadAssembly (1375ms)
			LoadAssemblies (168ms)
			RebuildTransferFunctionScriptingTraits (0ms)
			SetupTypeCache (493ms)
			ReleaseScriptCaches (1ms)
			RebuildScriptCaches (66ms)
			SetupLoadedEditorAssemblies (478ms)
				LogAssemblyErrors (0ms)
				InitializePlatformSupportModulesInManaged (9ms)
				SetLoadedEditorAssemblies (1ms)
				RefreshPlugins (1ms)
				BeforeProcessingInitializeOnLoad (104ms)
				ProcessInitializeOnLoadAttributes (347ms)
				ProcessInitializeOnLoadMethodAttributes (11ms)
				AfterProcessingInitializeOnLoad (4ms)
				EditorAssembliesLoaded (1ms)
			ExecutionOrderSort2 (0ms)
			AwakeInstancesAfterBackupRestoration (14ms)
Platform modules already initialized, skipping
Refreshing native plugins compatible for Editor in 1.17 ms, found 2 plugins.
Preloading 0 native plugins for Editor in 0.00 ms.
Unloading 1830 Unused Serialized files (Serialized files now loaded: 0)
System memory in use before: 173.3 MB.
System memory in use after: 173.4 MB.

Unloading 31 unused Assets to reduce memory usage. Loaded Objects now: 2322.
Total: 4.032500 ms (FindLiveObjects: 0.233800 ms CreateObjectMapping: 0.081700 ms MarkObjects: 3.683000 ms  DeleteObjects: 0.032700 ms)

AssetImportParameters requested are different than current active one (requested -> active):
  custom:framework-win-MediaFoundation: 216162199b28c13a410421893ffa2e32 -> 
  custom:video-decoder-ogg-theora: a1e56fd34408186e4bbccfd4996cb3dc -> 
  custom:container-muxer-webm: aa71ff27fc2769a1b78a27578f13a17b -> 
  custom:container-demuxer-webm: 4f35f7cbe854078d1ac9338744f61a02 -> 
  custom:container-demuxer-ogg: 62fdf1f143b41e24485cea50d1cbac27 -> 
  custom:video-encoder-webm-vp8: eb34c28f22e8b96e1ab97ce403110664 -> 
  custom:video-decoder-webm-vp8: 9c59270c3fd7afecdb556c50c9e8de78 -> 
  custom:audio-decoder-ogg-vorbis: bf7c407c2cedff20999df2af8eb42d56 -> 
  custom:audio-encoder-webm-vorbis: bf7c407c2cedff20999df2af8eb42d56 -> 
========================================================================
Received Prepare
Registering precompiled user dll's ...
Registered in 0.008400 seconds.
Begin MonoManager ReloadAssembly
Native extension for WindowsStandalone target not found
Native extension for WebGL target not found
Refreshing native plugins compatible for Editor in 0.90 ms, found 2 plugins.
Preloading 0 native plugins for Editor in 0.00 ms.
Mono: successfully reloaded assembly
- Completed reload, in  1.469 seconds
Domain Reload Profiling:
	ReloadAssembly (1470ms)
		BeginReloadAssembly (169ms)
			ExecutionOrderSort (0ms)
			DisableScriptedObjects (7ms)
			BackupInstance (0ms)
			ReleaseScriptingObjects (0ms)
			CreateAndSetChildDomain (48ms)
		EndReloadAssembly (1209ms)
			LoadAssemblies (149ms)
			RebuildTransferFunctionScriptingTraits (0ms)
			SetupTypeCache (388ms)
			ReleaseScriptCaches (1ms)
			RebuildScriptCaches (70ms)
			SetupLoadedEditorAssemblies (438ms)
				LogAssemblyErrors (0ms)
				InitializePlatformSupportModulesInManaged (9ms)
				SetLoadedEditorAssemblies (1ms)
				RefreshPlugins (1ms)
				BeforeProcessingInitializeOnLoad (101ms)
				ProcessInitializeOnLoadAttributes (310ms)
				ProcessInitializeOnLoadMethodAttributes (12ms)
				AfterProcessingInitializeOnLoad (4ms)
				EditorAssembliesLoaded (0ms)
			ExecutionOrderSort2 (0ms)
			AwakeInstancesAfterBackupRestoration (10ms)
Platform modules already initialized, skipping
Refreshing native plugins compatible for Editor in 2.50 ms, found 2 plugins.
Preloading 0 native plugins for Editor in 0.00 ms.
Unloading 1830 Unused Serialized files (Serialized files now loaded: 0)
System memory in use before: 173.3 MB.
System memory in use after: 173.4 MB.

Unloading 31 unused Assets to reduce memory usage. Loaded Objects now: 2324.
Total: 6.754200 ms (FindLiveObjects: 0.303700 ms CreateObjectMapping: 0.096700 ms MarkObjects: 6.311200 ms  DeleteObjects: 0.040600 ms)

AssetImportParameters requested are different than current active one (requested -> active):
  custom:framework-win-MediaFoundation: 216162199b28c13a410421893ffa2e32 -> 
  custom:video-decoder-ogg-theora: a1e56fd34408186e4bbccfd4996cb3dc -> 
  custom:container-muxer-webm: aa71ff27fc2769a1b78a27578f13a17b -> 
  custom:container-demuxer-webm: 4f35f7cbe854078d1ac9338744f61a02 -> 
  custom:container-demuxer-ogg: 62fdf1f143b41e24485cea50d1cbac27 -> 
  custom:video-encoder-webm-vp8: eb34c28f22e8b96e1ab97ce403110664 -> 
  custom:video-decoder-webm-vp8: 9c59270c3fd7afecdb556c50c9e8de78 -> 
  custom:audio-decoder-ogg-vorbis: bf7c407c2cedff20999df2af8eb42d56 -> 
  custom:audio-encoder-webm-vorbis: bf7c407c2cedff20999df2af8eb42d56 -> 
========================================================================
Received Import Request.
  Time since last request: 132.499854 seconds.
  path: Assets/Creator Kit - FPS/Audio/SFX/SFX_GermHit01.ogg
  artifactKey: Guid(0658f8bf7eaf7d544ab89899ae0361ab) Importer(815301076,1909f56bfc062723c751e8b465ee728b)
Start importing Assets/Creator Kit - FPS/Audio/SFX/SFX_GermHit01.ogg using Guid(0658f8bf7eaf7d544ab89899ae0361ab) Importer(815301076,1909f56bfc062723c751e8b465ee728b)  -> (artifact id: '73cfa36fba8d0cc96332566be9bd8e2e') in 0.072516 seconds 
  Import took 0.079104 seconds .

========================================================================
Received Import Request.
  Time since last request: 0.000745 seconds.
  path: Assets/Creator Kit - FPS/Audio/SFX/SFX_GrenadeExplode.ogg
  artifactKey: Guid(4a9a06c9694a13543bb6addd4101fcb1) Importer(815301076,1909f56bfc062723c751e8b465ee728b)
Start importing Assets/Creator Kit - FPS/Audio/SFX/SFX_GrenadeExplode.ogg using Guid(4a9a06c9694a13543bb6addd4101fcb1) Importer(815301076,1909f56bfc062723c751e8b465ee728b)  -> (artifact id: '286c94ed5b352f9ed8cf7c4fef0a2e8d') in 0.014256 seconds 
  Import took 0.021404 seconds .

========================================================================
Received Import Request.
  Time since last request: 0.000725 seconds.
  path: Assets/Creator Kit - FPS/Audio/SFX/SFX_InsideAmbience.ogg
  artifactKey: Guid(9e09a232b509fff439fcb32739c0f133) Importer(815301076,1909f56bfc062723c751e8b465ee728b)
Start importing Assets/Creator Kit - FPS/Audio/SFX/SFX_InsideAmbience.ogg using Guid(9e09a232b509fff439fcb32739c0f133) Importer(815301076,1909f56bfc062723c751e8b465ee728b)  -> (artifact id: '38f53e482734bcae0de43eb0bd7198fa') in 0.015071 seconds 
  Import took 0.021754 seconds .

========================================================================
Received Import Request.
  Time since last request: 0.000733 seconds.
  path: Assets/Creator Kit - FPS/Audio/SFX/SFX_Jump.ogg
  artifactKey: Guid(d44cae06e297aa4458bf0a432cdf4f03) Importer(815301076,1909f56bfc062723c751e8b465ee728b)
Start importing Assets/Creator Kit - FPS/Audio/SFX/SFX_Jump.ogg using Guid(d44cae06e297aa4458bf0a432cdf4f03) Importer(815301076,1909f56bfc062723c751e8b465ee728b)  -> (artifact id: 'a466cad12867e24da423216e35c7f1d3') in 0.014561 seconds 
  Import took 0.021550 seconds .

========================================================================
Received Import Request.
  Time since last request: 0.000917 seconds.
  path: Assets/Creator Kit - FPS/Audio/SFX/SFX_GermHit01.ogg
  artifactKey: Guid(0658f8bf7eaf7d544ab89899ae0361ab) Importer(815301076,1909f56bfc062723c751e8b465ee728b)
Start importing Assets/Creator Kit - FPS/Audio/SFX/SFX_GermHit01.ogg using Guid(0658f8bf7eaf7d544ab89899ae0361ab) Importer(815301076,1909f56bfc062723c751e8b465ee728b)  -> (artifact id: '73cfa36fba8d0cc96332566be9bd8e2e') in 0.013419 seconds 
  Import took 0.019541 seconds .

========================================================================
Received Import Request.
  Time since last request: 0.000798 seconds.
  path: Assets/Creator Kit - FPS/Audio/SFX/SFX_GermHit03.ogg
  artifactKey: Guid(ad956d9da7f6b664493795b4a536dabb) Importer(815301076,1909f56bfc062723c751e8b465ee728b)
Start importing Assets/Creator Kit - FPS/Audio/SFX/SFX_GermHit03.ogg using Guid(ad956d9da7f6b664493795b4a536dabb) Importer(815301076,1909f56bfc062723c751e8b465ee728b)  -> (artifact id: '1a1da0ee75fa1a0c88309f72139c2774') in 0.015284 seconds 
  Import took 0.022580 seconds .

========================================================================
Received Import Request.
  Time since last request: 0.000810 seconds.
  path: Assets/Creator Kit - FPS/Audio/SFX/SFX_GermHit02.ogg
  artifactKey: Guid(608c2a305cfe8564fb03dff149415d61) Importer(815301076,1909f56bfc062723c751e8b465ee728b)
Start importing Assets/Creator Kit - FPS/Audio/SFX/SFX_GermHit02.ogg using Guid(608c2a305cfe8564fb03dff149415d61) Importer(815301076,1909f56bfc062723c751e8b465ee728b)  -> (artifact id: '4daba40584707adacb0c6b707076020b') in 0.015204 seconds 
  Import took 0.021551 seconds .

========================================================================
Received Import Request.
  Time since last request: 0.000752 seconds.
  path: Assets/Creator Kit - FPS/Audio/SFX/SFX_GrenadeThrow.ogg
  artifactKey: Guid(9839eb252399f0e48ad440d498d738d1) Importer(815301076,1909f56bfc062723c751e8b465ee728b)
Start importing Assets/Creator Kit - FPS/Audio/SFX/SFX_GrenadeThrow.ogg using Guid(9839eb252399f0e48ad440d498d738d1) Importer(815301076,1909f56bfc062723c751e8b465ee728b)  -> (artifact id: '39bd74de23ba724f8127fcb83c52beae') in 0.015638 seconds 
  Import took 0.022332 seconds .

========================================================================
Received Import Request.
  Time since last request: 0.000755 seconds.
  path: Assets/Creator Kit - FPS/Audio/SFX/SFX_Heartbeat.ogg
  artifactKey: Guid(28a59aea5642b964a8bf5a645599e797) Importer(815301076,1909f56bfc062723c751e8b465ee728b)
Start importing Assets/Creator Kit - FPS/Audio/SFX/SFX_Heartbeat.ogg using Guid(28a59aea5642b964a8bf5a645599e797) Importer(815301076,1909f56bfc062723c751e8b465ee728b)  -> (artifact id: 'd841e15827e971ddd7eeda8f72c8352f') in 0.015193 seconds 
  Import took 0.022027 seconds .

========================================================================
Received Import Request.
  Time since last request: 0.000783 seconds.
  path: Assets/Creator Kit - FPS/Audio/SFX/SFX_GermIdle.ogg
  artifactKey: Guid(e8ed11207c86d614cbf486a93a782359) Importer(815301076,1909f56bfc062723c751e8b465ee728b)
Start importing Assets/Creator Kit - FPS/Audio/SFX/SFX_GermIdle.ogg using Guid(e8ed11207c86d614cbf486a93a782359) Importer(815301076,1909f56bfc062723c751e8b465ee728b)  -> (artifact id: 'e79a0bab87e07f90007b9afaee39065e') in 0.015222 seconds 
  Import took 0.022089 seconds .

========================================================================
Received Import Request.
  Time since last request: 0.007278 seconds.
  path: Assets/Creator Kit - FPS/Audio/SFX/SFX_Heartbeat.ogg
  artifactKey: Guid(28a59aea5642b964a8bf5a645599e797) Importer(815301076,1909f56bfc062723c751e8b465ee728b)
Start importing Assets/Creator Kit - FPS/Audio/SFX/SFX_Heartbeat.ogg using Guid(28a59aea5642b964a8bf5a645599e797) Importer(815301076,1909f56bfc062723c751e8b465ee728b)  -> (artifact id: 'd841e15827e971ddd7eeda8f72c8352f') in 0.013681 seconds 
  Import took 0.021122 seconds .

========================================================================
Received Import Request.
  Time since last request: 9.916651 seconds.
  path: Assets/Creator Kit - FPS/Audio/SFX/SFX_Land.ogg
  artifactKey: Guid(80b8397262d56df49828a3b530021dba) Importer(815301076,1909f56bfc062723c751e8b465ee728b)
Start importing Assets/Creator Kit - FPS/Audio/SFX/SFX_Land.ogg using Guid(80b8397262d56df49828a3b530021dba) Importer(815301076,1909f56bfc062723c751e8b465ee728b)  -> (artifact id: '3c3130aa071479a13ee6e73f45e0e0c4') in 0.014731 seconds 
  Import took 0.021727 seconds .

========================================================================
Received Import Request.
  Time since last request: 0.000775 seconds.
  path: Assets/Creator Kit - FPS/Audio/SFX/SFX_MachinegunReload.ogg
  artifactKey: Guid(53b8e7c6ac6cd6d49977438b25dacfc7) Importer(815301076,1909f56bfc062723c751e8b465ee728b)
Start importing Assets/Creator Kit - FPS/Audio/SFX/SFX_MachinegunReload.ogg using Guid(53b8e7c6ac6cd6d49977438b25dacfc7) Importer(815301076,1909f56bfc062723c751e8b465ee728b)  -> (artifact id: '2f63c235467b705715120a0489b8e7ef') in 0.014977 seconds 
  Import took 0.021652 seconds .

========================================================================
Received Import Request.
  Time since last request: 1.232498 seconds.
  path: Assets/Creator Kit - FPS/Audio/SFX/SFX_MachinegunShoot.ogg
  artifactKey: Guid(79c781879da4b6c4f8c7cd79fd034759) Importer(815301076,1909f56bfc062723c751e8b465ee728b)
Start importing Assets/Creator Kit - FPS/Audio/SFX/SFX_MachinegunShoot.ogg using Guid(79c781879da4b6c4f8c7cd79fd034759) Importer(815301076,1909f56bfc062723c751e8b465ee728b)  -> (artifact id: '15a4eafc7c844f7fc18143575283aff7') in 0.013146 seconds 
  Import took 0.019441 seconds .

========================================================================
Received Import Request.
  Time since last request: 0.000707 seconds.
  path: Assets/Creator Kit - FPS/Audio/SFX/SFX_PistolReload.ogg
  artifactKey: Guid(4fa47482629cb5e4ea45c714aee0165f) Importer(815301076,1909f56bfc062723c751e8b465ee728b)
Start importing Assets/Creator Kit - FPS/Audio/SFX/SFX_PistolReload.ogg using Guid(4fa47482629cb5e4ea45c714aee0165f) Importer(815301076,1909f56bfc062723c751e8b465ee728b)  -> (artifact id: '72dbc24e305f813f52b6786f392815d0') in 0.013961 seconds 
  Import took 0.020185 seconds .

========================================================================
Received Import Request.
  Time since last request: 0.024813 seconds.
  path: Assets/Creator Kit - FPS/Audio/SFX/SFX_PistolShoot.ogg
  artifactKey: Guid(fbc2b14268d715446890c0fcedb6bd18) Importer(815301076,1909f56bfc062723c751e8b465ee728b)
Start importing Assets/Creator Kit - FPS/Audio/SFX/SFX_PistolShoot.ogg using Guid(fbc2b14268d715446890c0fcedb6bd18) Importer(815301076,1909f56bfc062723c751e8b465ee728b)  -> (artifact id: '723b7932949e5e4489c28de80be20f77') in 0.015330 seconds 
  Import took 0.022076 seconds .

========================================================================
Received Import Request.
  Time since last request: 0.000617 seconds.
  path: Assets/Creator Kit - FPS/Audio/SFX/SFX_RedBloodcellHit01.ogg
  artifactKey: Guid(e4038fae85905eb419579a740d987740) Importer(815301076,1909f56bfc062723c751e8b465ee728b)
Start importing Assets/Creator Kit - FPS/Audio/SFX/SFX_RedBloodcellHit01.ogg using Guid(e4038fae85905eb419579a740d987740) Importer(815301076,1909f56bfc062723c751e8b465ee728b)  -> (artifact id: 'c937b50dc94f8cc18c45432d28fb792c') in 0.014568 seconds 
  Import took 0.022057 seconds .

========================================================================
Received Import Request.
  Time since last request: 1.327958 seconds.
  path: Assets/Creator Kit - FPS/Audio/SFX/SFX_Footstep04.ogg
  artifactKey: Guid(b7c3823868aad77448423a5dffacbc2b) Importer(815301076,1909f56bfc062723c751e8b465ee728b)
Start importing Assets/Creator Kit - FPS/Audio/SFX/SFX_Footstep04.ogg using Guid(b7c3823868aad77448423a5dffacbc2b) Importer(815301076,1909f56bfc062723c751e8b465ee728b)  -> (artifact id: '00df492dbf80f6703bf168d37c34a847') in 0.014416 seconds 
  Import took 0.021233 seconds .

========================================================================
Received Import Request.
  Time since last request: 0.000774 seconds.
  path: Assets/Creator Kit - FPS/Audio/SFX/SFX_Footstep05.ogg
  artifactKey: Guid(9293593a23bcc74459f4038689a7f70a) Importer(815301076,1909f56bfc062723c751e8b465ee728b)
Start importing Assets/Creator Kit - FPS/Audio/SFX/SFX_Footstep05.ogg using Guid(9293593a23bcc74459f4038689a7f70a) Importer(815301076,1909f56bfc062723c751e8b465ee728b)  -> (artifact id: '6671e99e7be15cd00a1b811a2da24830') in 0.017016 seconds 
  Import took 0.023231 seconds .

========================================================================
Received Import Request.
  Time since last request: 0.164165 seconds.
  path: Assets/Creator Kit - FPS/Audio/SFX/SFX_Footstep02.ogg
  artifactKey: Guid(69cabefbc1ad3fb4b8892b5314ffe4e8) Importer(815301076,1909f56bfc062723c751e8b465ee728b)
Start importing Assets/Creator Kit - FPS/Audio/SFX/SFX_Footstep02.ogg using Guid(69cabefbc1ad3fb4b8892b5314ffe4e8) Importer(815301076,1909f56bfc062723c751e8b465ee728b)  -> (artifact id: 'ca910c32ad6adb1c11befb060ee0dd3d') in 0.014341 seconds 
  Import took 0.020640 seconds .

========================================================================
Received Import Request.
  Time since last request: 0.000542 seconds.
  path: Assets/Creator Kit - FPS/Audio/SFX/SFX_Footstep03.ogg
  artifactKey: Guid(0bc8c6ec3fc9d40489c2b46a81e75ea6) Importer(815301076,1909f56bfc062723c751e8b465ee728b)
Start importing Assets/Creator Kit - FPS/Audio/SFX/SFX_Footstep03.ogg using Guid(0bc8c6ec3fc9d40489c2b46a81e75ea6) Importer(815301076,1909f56bfc062723c751e8b465ee728b)  -> (artifact id: 'c62a07b070452acd4a1543c3135e14fb') in 0.038541 seconds 
  Import took 0.045068 seconds .

========================================================================
Received Import Request.
  Time since last request: 0.003072 seconds.
  path: Assets/Creator Kit - FPS/Audio/SFX/SFX_Footstep01.ogg
  artifactKey: Guid(17fafb003acbf6d46b10d28bcfa80650) Importer(815301076,1909f56bfc062723c751e8b465ee728b)
Start importing Assets/Creator Kit - FPS/Audio/SFX/SFX_Footstep01.ogg using Guid(17fafb003acbf6d46b10d28bcfa80650) Importer(815301076,1909f56bfc062723c751e8b465ee728b)  -> (artifact id: '2431d7423f40707296da74b31e4ce69e') in 0.013851 seconds 
  Import took 0.021142 seconds .

========================================================================
Received Prepare
Registering precompiled user dll's ...
Registered in 0.009465 seconds.
Begin MonoManager ReloadAssembly
Native extension for WindowsStandalone target not found
Native extension for WebGL target not found
Refreshing native plugins compatible for Editor in 0.68 ms, found 2 plugins.
Preloading 0 native plugins for Editor in 0.00 ms.
Mono: successfully reloaded assembly
- Completed reload, in  1.364 seconds
Domain Reload Profiling:
	ReloadAssembly (1365ms)
		BeginReloadAssembly (145ms)
			ExecutionOrderSort (0ms)
			DisableScriptedObjects (7ms)
			BackupInstance (0ms)
			ReleaseScriptingObjects (0ms)
			CreateAndSetChildDomain (40ms)
		EndReloadAssembly (1137ms)
			LoadAssemblies (129ms)
			RebuildTransferFunctionScriptingTraits (0ms)
			SetupTypeCache (401ms)
			ReleaseScriptCaches (1ms)
			RebuildScriptCaches (48ms)
			SetupLoadedEditorAssemblies (434ms)
				LogAssemblyErrors (0ms)
				InitializePlatformSupportModulesInManaged (8ms)
				SetLoadedEditorAssemblies (1ms)
				RefreshPlugins (1ms)
				BeforeProcessingInitializeOnLoad (95ms)
				ProcessInitializeOnLoadAttributes (316ms)
				ProcessInitializeOnLoadMethodAttributes (10ms)
				AfterProcessingInitializeOnLoad (4ms)
				EditorAssembliesLoaded (0ms)
			ExecutionOrderSort2 (0ms)
			AwakeInstancesAfterBackupRestoration (10ms)
Platform modules already initialized, skipping
Refreshing native plugins compatible for Editor in 0.67 ms, found 2 plugins.
Preloading 0 native plugins for Editor in 0.00 ms.
Unloading 1830 Unused Serialized files (Serialized files now loaded: 0)
System memory in use before: 173.6 MB.
System memory in use after: 173.7 MB.

Unloading 31 unused Assets to reduce memory usage. Loaded Objects now: 2327.
Total: 3.658200 ms (FindLiveObjects: 0.208200 ms CreateObjectMapping: 0.069900 ms MarkObjects: 3.353600 ms  DeleteObjects: 0.025200 ms)

AssetImportParameters requested are different than current active one (requested -> active):
  custom:framework-win-MediaFoundation: 216162199b28c13a410421893ffa2e32 -> 
  custom:video-decoder-ogg-theora: a1e56fd34408186e4bbccfd4996cb3dc -> 
  custom:container-muxer-webm: aa71ff27fc2769a1b78a27578f13a17b -> 
  custom:container-demuxer-webm: 4f35f7cbe854078d1ac9338744f61a02 -> 
  custom:container-demuxer-ogg: 62fdf1f143b41e24485cea50d1cbac27 -> 
  custom:video-encoder-webm-vp8: eb34c28f22e8b96e1ab97ce403110664 -> 
  custom:video-decoder-webm-vp8: 9c59270c3fd7afecdb556c50c9e8de78 -> 
  custom:audio-decoder-ogg-vorbis: bf7c407c2cedff20999df2af8eb42d56 -> 
  custom:audio-encoder-webm-vorbis: bf7c407c2cedff20999df2af8eb42d56 -> 
========================================================================
Received Import Request.
  Time since last request: 693.072436 seconds.
  path: Assets/Creator Kit - FPS/Art/Models/Characters/GermSpike.prefab
  artifactKey: Guid(dddeda6d0629a09438dbf97ce84d81fd) Importer(815301076,1909f56bfc062723c751e8b465ee728b)
Start importing Assets/Creator Kit - FPS/Art/Models/Characters/GermSpike.prefab using Guid(dddeda6d0629a09438dbf97ce84d81fd) Importer(815301076,1909f56bfc062723c751e8b465ee728b)  -> (artifact id: 'ff60b7858be3ec1e757000c24b4bef87') in 0.104408 seconds 
  Import took 0.110929 seconds .

========================================================================
Received Import Request.
  Time since last request: 67.825352 seconds.
  path: Assets/Creator Kit - FPS/Art/Models/Characters/GermSpike 1.prefab
  artifactKey: Guid(40159ba317a050745aa429b51ecf1324) Importer(815301076,1909f56bfc062723c751e8b465ee728b)
Start importing Assets/Creator Kit - FPS/Art/Models/Characters/GermSpike 1.prefab using Guid(40159ba317a050745aa429b51ecf1324) Importer(815301076,1909f56bfc062723c751e8b465ee728b)  -> (artifact id: '8108c858ff4a03876292d2d9f611df07') in 0.029193 seconds 
  Import took 0.037042 seconds .

AssetImportWorkerClient::OnTransportError - code=2 error=End of file
